<?xml version="1.0" encoding="UTF-8"?>
<!-- Generated by org.testng.reporters.JUnitXMLReporter -->
<testsuite hostname="CBR-LAP-DEL2506" name="Test-2" tests="1" failures="0" timestamp="3 Jul 2015 21:36:14 GMT" time="61.654" errors="0">
  <testcase name="mainMethod" time="48.583" classname="org.eCom.libs.DriverScript"/>
</testsuite> <!-- Test-2 -->
