<?xml version="1.0" encoding="UTF-8"?>
<!-- Generated by org.testng.reporters.JUnitReportReporter -->
<testsuite skipped="0" hostname="LAPTOP-NCO28UG3" name="AmazonTest.AmazonTest.IEtestforDesiredCapabilities" tests="1" failures="0" timestamp="1 Dec 2016 01:33:17 GMT" time="5.580" errors="0">
  <testcase name="myCapability" time="5.580" classname="AmazonTest.AmazonTest.IEtestforDesiredCapabilities"/>
</testsuite> <!-- AmazonTest.AmazonTest.IEtestforDesiredCapabilities -->
