<?xml version="1.0" encoding="UTF-8"?>
<!-- Generated by org.testng.reporters.JUnitReportReporter -->
<testsuite skipped="0" hostname="LAPTOP-NCO28UG3" name="AmazonTest.AmazonTest" tests="1" failures="0" timestamp="2 Dec 2016 04:59:43 GMT" time="24.701" errors="0">
  <testcase name="myAmazonTest" time="24.701" classname="AmazonTest.AmazonTest"/>
</testsuite> <!-- AmazonTest.AmazonTest -->
