<?xml version="1.0" encoding="UTF-8"?>
<!-- Generated by org.testng.reporters.JUnitReportReporter -->
<testsuite skipped="0" hostname="LAPTOP-NCO28UG3" name="AmazonTest.AmazonXpath" tests="1" failures="0" timestamp="6 Dec 2016 17:34:22 GMT" time="19.120" errors="0">
  <testcase name="xpathExercise" time="19.120" classname="AmazonTest.AmazonXpath"/>
</testsuite> <!-- AmazonTest.AmazonXpath -->
