<?xml version="1.0" encoding="UTF-8"?>
<!-- Generated by org.testng.reporters.JUnitReportReporter -->
<testsuite skipped="0" hostname="LAPTOP-NCO28UG3" name="AmazonTest.AmazonTest" tests="1" failures="0" timestamp="2 Dec 2016 14:45:30 GMT" time="25.254" errors="0">
  <testcase name="myAmazonTest" time="25.254" classname="AmazonTest.AmazonTest"/>
</testsuite> <!-- AmazonTest.AmazonTest -->
