<?xml version="1.0" encoding="UTF-8"?>
<!-- Generated by org.testng.reporters.JUnitReportReporter -->
<testsuite skipped="0" hostname="LAPTOP-NCO28UG3" name="AmazonTest.VerifySeleniumTitle" tests="1" failures="0" timestamp="3 Dec 2016 18:16:07 GMT" time="13.090" errors="0">
  <testcase name="verifyTitle" time="13.090" classname="AmazonTest.VerifySeleniumTitle"/>
</testsuite> <!-- AmazonTest.VerifySeleniumTitle -->
