<?xml version="1.0" encoding="UTF-8"?>
<!-- Generated by org.testng.reporters.JUnitReportReporter -->
<testsuite skipped="0" hostname="LAPTOP-NCO28UG3" name="AmazonTest.AmazonTest" tests="1" failures="0" timestamp="2 Dec 2016 02:56:32 GMT" time="24.198" errors="0">
  <testcase name="myAmazonTest" time="24.198" classname="AmazonTest.AmazonTest"/>
</testsuite> <!-- AmazonTest.AmazonTest -->
