<?xml version="1.0" encoding="UTF-8"?>
<!-- Generated by org.testng.reporters.JUnitReportReporter -->
<testsuite skipped="0" hostname="LAPTOP-NCO28UG3" name="AmazonTest.AmazonXpath" tests="1" failures="0" timestamp="4 Dec 2016 20:21:50 GMT" time="12.092" errors="0">
  <testcase name="xpathExercise" time="12.092" classname="AmazonTest.AmazonXpath"/>
</testsuite> <!-- AmazonTest.AmazonXpath -->
