<?xml version="1.0" encoding="UTF-8"?>
<!-- Generated by org.testng.reporters.JUnitReportReporter -->
<testsuite skipped="0" hostname="LAPTOP-NCO28UG3" name="AmazonTest.AmazonTest" tests="1" failures="0" timestamp="2 Dec 2016 20:06:27 GMT" time="26.589" errors="0">
  <testcase name="myAmazonTest" time="26.589" classname="AmazonTest.AmazonTest"/>
</testsuite> <!-- AmazonTest.AmazonTest -->
