<?xml version="1.0" encoding="UTF-8"?>
<!-- Generated by org.testng.reporters.JUnitReportReporter -->
<testsuite skipped="0" hostname="LAPTOP-NCO28UG3" name="AmazonTest.AmazonTest.App" tests="1" failures="0" timestamp="30 Nov 2016 21:10:27 GMT" time="0.022" errors="0">
  <testcase name="myAmazonTest" time="0.022" classname="AmazonTest.AmazonTest.App"/>
</testsuite> <!-- AmazonTest.AmazonTest.App -->
